>20:18:26.672 INFO  com.framework.tests.ProdBaseTest:35 - Setup browser successfully
>20:19:35.798 INFO  com.framework.tests.ProdBaseTest:42 - Close browser
>20:21:09.861 INFO  com.framework.tests.ProdBaseTest:35 - Setup browser successfully
>20:21:29.120 INFO  com.framework.tests.ProdBaseTest:42 - Close browser
>20:21:41.149 INFO  com.framework.tests.ProdBaseTest:35 - Setup browser successfully
>20:21:54.810 INFO  com.framework.tests.ProdBaseTest:42 - Close browser
>20:23:32.072 INFO  com.framework.tests.ProdBaseTest:35 - Setup browser successfully
>20:23:47.003 INFO  com.framework.tests.ProdBaseTest:42 - Close browser
>20:27:01.040 INFO  com.framework.tests.ProdBaseTest:35 - Setup browser successfully
>20:32:29.030 INFO  com.framework.tests.ProdBaseTest:35 - Setup browser successfully
>20:32:44.969 INFO  com.framework.tests.ProdBaseTest:42 - Close browser
>20:40:26.557 INFO  com.framework.tests.ProdBaseTest:35 - Setup browser successfully
>20:40:38.312 INFO  com.framework.tests.ProdBaseTest:42 - Close browser
>21:05:20.883 INFO  com.framework.tests.ProdBaseTest:35 - Setup browser successfully
>21:05:28.936 INFO  c.f.pageObject.navigation.Header:74 - Open Notebooks Category page
>21:05:31.389 INFO  c.f.pageObject.navigation.Header:86 - Open SSD Notebooks List
>21:05:32.845 INFO  c.f.pageObject.navigation.Header:39 - Select 0 Notebook element
>21:05:34.156 INFO  c.f.pageObject.navigation.Header:39 - Select 1 Notebook element
>21:05:39.427 INFO  c.f.pageObject.navigation.Header:33 - Open 'Compare' page
>21:06:10.426 INFO  com.framework.tests.ProdBaseTest:42 - Close browser
>21:06:42.584 INFO  com.framework.tests.ProdBaseTest:35 - Setup browser successfully
>21:06:43.521 INFO  c.f.pageObject.navigation.Header:74 - Open Notebooks Category page
>21:06:45.874 INFO  c.f.pageObject.navigation.Header:86 - Open SSD Notebooks List
>21:06:47.363 INFO  c.f.pageObject.navigation.Header:39 - Select 0 Notebook element
>21:06:48.781 INFO  c.f.pageObject.navigation.Header:39 - Select 1 Notebook element
>21:06:50.827 INFO  c.f.pageObject.navigation.Header:33 - Open 'Compare' page
>21:06:52.262 INFO  c.f.pageObject.navigation.Header:39 - Compare selected Items
>21:06:52.345 ERROR c.f.pageObject.navigation.Header:54 - Same items in list
>21:06:53.159 INFO  com.framework.tests.ProdBaseTest:42 - Close browser
>21:13:44.772 INFO  com.framework.tests.ProdBaseTest:35 - Setup browser successfully
>21:13:45.773 INFO  c.f.pageObject.navigation.Header:74 - Open Notebooks Category page
>21:13:48.366 INFO  c.f.pageObject.navigation.Header:86 - Open SSD Notebooks List
>21:13:49.786 INFO  c.f.pageObject.navigation.Header:39 - Select 0 Notebook element
>21:13:51.109 INFO  c.f.pageObject.navigation.Header:39 - Select 1 Notebook element
>21:13:52.435 INFO  c.f.pageObject.navigation.Header:33 - Open 'Compare' page
>21:13:54.188 INFO  c.f.pageObject.navigation.Header:39 - Compare selected Items
>21:13:54.720 INFO  c.f.pageObject.navigation.Header:54 - Get discrepancy from 'All params'
>21:13:54.889 INFO  c.f.pageObject.navigation.Header:44 - Switch to 'Only differences'
>21:13:55.143 INFO  c.f.pageObject.navigation.Header:65 - Get discrepancy from 'Only Differences'
>21:13:56.402 INFO  com.framework.tests.ProdBaseTest:42 - Close browser
>01:28:47.581 INFO  com.framework.tests.ProdBaseTest:35 - Setup browser successfully
